<?xml version="1.0" encoding="UTF-8"?>
<!-- Generated by org.testng.reporters.JUnitXMLReporter -->
<testsuite ignored="0" hostname="DESKTOP-PFPP2PO" failures="0" tests="3" name="Submit Order Test" time="40.35" errors="0" timestamp="2024-10-31T18:28:06 IST">
  <testcase classname="frameworkdesign.test.SubmitOrderTest" name="submitOrder" time="18.357"/>
  <testcase classname="frameworkdesign.test.SubmitOrderTest" name="submitOrder" time="4.097"/>
  <testcase classname="frameworkdesign.test.SubmitOrderTest" name="orderHistory" time="1.072"/>
</testsuite> <!-- Submit Order Test -->
