<?xml version="1.0" encoding="UTF-8"?>
<!-- Generated by org.testng.reporters.JUnitXMLReporter -->
<testsuite ignored="3" hostname="DESKTOP-PFPP2PO" failures="0" tests="2" name="Test" time="17.931" errors="0" timestamp="2024-10-30T17:33:47 IST">
  <testcase classname="frameworkdesign.test.SubmitOrderTest" name="submitOrder" time="4.239"/>
  <testcase classname="frameworkdesign.test.SubmitOrderTest" name="submitOrder" time="4.204"/>
  <testcase classname="frameworkdesign.test.SubmitOrderTest" name="orderHistory" time="0.0">
    <ignored/>
  </testcase> <!-- orderHistory -->
  <testcase classname="frameworkdesign.test.ErrorValidation" name="loginErrorValidation" time="0.0">
    <ignored/>
  </testcase> <!-- loginErrorValidation -->
  <testcase classname="frameworkdesign.test.ErrorValidation" name="productErrorValidation" time="0.0">
    <ignored/>
  </testcase> <!-- productErrorValidation -->
</testsuite> <!-- Test -->
