<?xml version="1.0" encoding="UTF-8"?>
<!-- Generated by org.testng.reporters.JUnitXMLReporter -->
<testsuite ignored="0" hostname="DESKTOP-PFPP2PO" failures="0" tests="3" name="Submit Order Test" time="94.647" errors="0" timestamp="2024-10-31T19:28:13 IST">
  <testcase classname="frameworkdesign.test.SubmitOrderTest" name="submitOrder" time="19.197"/>
  <testcase classname="frameworkdesign.test.SubmitOrderTest" name="submitOrder" time="17.385"/>
  <testcase classname="frameworkdesign.test.SubmitOrderTest" name="orderHistory" time="1.31"/>
</testsuite> <!-- Submit Order Test -->
